<?xml version="1.0" encoding="UTF-8"?>
<!-- Generated by org.testng.reporters.JUnitXMLReporter -->
<testsuite ignored="0" hostname="LAPTOP-9IP5C9V6" failures="0" tests="2" name="FirefoxTest" time="3.185" errors="0" timestamp="2022-12-27T18:40:47 IST">
  <testcase classname="testkhan.crossbrowser" name="@BeforeTest openBrowser" time="3.167">
    <failure type="java.lang.NullPointerException" message="Cannot invoke &amp;quot;org.openqa.selenium.WebDriver.manage()&amp;quot; because &amp;quot;this.driver&amp;quot; is null">
      <![CDATA[java.lang.NullPointerException: Cannot invoke "org.openqa.selenium.WebDriver.manage()" because "this.driver" is null
at testkhan.crossbrowser.openBrowser(crossbrowser.java:45)
... Removed 22 stack frames]]>
    </failure>
  </testcase> <!-- @BeforeTest openBrowser -->
  <testcase classname="testkhan.crossbrowser" name="@BeforeClass beforeclass" time="-1.672146647329E9">
    <skipped/>
  </testcase> <!-- @BeforeClass beforeclass -->
  <testcase classname="testkhan.crossbrowser" name="@BeforeMethod beforemethod" time="-1.672146647329E9">
    <skipped/>
  </testcase> <!-- @BeforeMethod beforemethod -->
  <testcase classname="testkhan.crossbrowser" name="@AfterMethod aftermethod" time="-1.672146647329E9">
    <skipped/>
  </testcase> <!-- @AfterMethod aftermethod -->
  <testcase classname="testkhan.crossbrowser" name="@BeforeMethod beforemethod" time="-1.672146647329E9">
    <skipped/>
  </testcase> <!-- @BeforeMethod beforemethod -->
  <testcase classname="testkhan.crossbrowser" name="@AfterMethod aftermethod" time="-1.672146647347E9">
    <skipped/>
  </testcase> <!-- @AfterMethod aftermethod -->
  <testcase classname="testkhan.crossbrowser" name="@AfterClass afterclass" time="-1.672146647347E9">
    <skipped/>
  </testcase> <!-- @AfterClass afterclass -->
  <testcase classname="testkhan.crossbrowser" name="@AfterTest aftertest" time="-1.672146647347E9">
    <skipped/>
  </testcase> <!-- @AfterTest aftertest -->
  <testcase classname="testkhan.crossbrowser" name="test1" time="0.0">
    <skipped/>
  </testcase> <!-- test1 -->
  <testcase classname="testkhan.crossbrowser" name="test2" time="0.0">
    <skipped/>
  </testcase> <!-- test2 -->
</testsuite> <!-- FirefoxTest -->
