<?xml version="1.0" encoding="UTF-8"?>
<!-- Generated by org.testng.reporters.JUnitXMLReporter -->
<testsuite ignored="0" hostname="LAPTOP-9IP5C9V6" failures="0" tests="6" name="Test" time="58.635" errors="0" timestamp="2022-12-17T19:07:56 IST">
  <testcase classname="testkhan.testhome" name="test1" time="2.857"/>
  <testcase classname="testkhan.testhome" name="test2" time="1.981"/>
  <testcase classname="khanacademy.method" name="test1" time="0.002"/>
  <testcase classname="khanacademy.method" name="test3" time="0.001"/>
  <testcase classname="khanacademy.method" name="test2" time="0.001"/>
  <testcase classname="khanacademy.method" name="test4" time="0.001"/>
</testsuite> <!-- Test -->
