<?xml version="1.0" encoding="UTF-8"?>
<testng-results ignored="0" total="2" passed="2" failed="0" skipped="0">
  <reporter-output>
  </reporter-output>
  <suite started-at="2023-01-03T14:43:26 IST" name="Default suite" finished-at="2023-01-03T14:44:09 IST" duration-ms="43623">
    <groups>
    </groups>
    <test started-at="2023-01-03T14:43:26 IST" name="Default test" finished-at="2023-01-03T14:44:09 IST" duration-ms="43623">
      <class name="testkhan.testhome">
        <test-method is-config="true" signature="beforeclass()[pri:0, instance:testkhan.testhome@1700915]" started-at="2023-01-03T14:43:26 IST" name="beforeclass" finished-at="2023-01-03T14:44:00 IST" duration-ms="34385" status="PASS">
          <reporter-output>
          </reporter-output>
        </test-method> <!-- beforeclass -->
        <test-method is-config="true" signature="beforemethod()[pri:0, instance:testkhan.testhome@1700915]" started-at="2023-01-03T14:44:00 IST" name="beforemethod" finished-at="2023-01-03T14:44:01 IST" duration-ms="642" status="PASS">
          <reporter-output>
          </reporter-output>
        </test-method> <!-- beforemethod -->
        <test-method signature="test1()[pri:0, instance:testkhan.testhome@1700915]" started-at="2023-01-03T14:44:01 IST" name="test1" finished-at="2023-01-03T14:44:04 IST" duration-ms="3017" status="PASS">
          <reporter-output>
          </reporter-output>
        </test-method> <!-- test1 -->
        <test-method is-config="true" signature="aftermethod()[pri:0, instance:testkhan.testhome@1700915]" started-at="2023-01-03T14:44:04 IST" name="aftermethod" finished-at="2023-01-03T14:44:04 IST" duration-ms="604" status="PASS">
          <reporter-output>
          </reporter-output>
        </test-method> <!-- aftermethod -->
        <test-method is-config="true" signature="beforemethod()[pri:0, instance:testkhan.testhome@1700915]" started-at="2023-01-03T14:44:04 IST" name="beforemethod" finished-at="2023-01-03T14:44:06 IST" duration-ms="2045" status="PASS">
          <reporter-output>
          </reporter-output>
        </test-method> <!-- beforemethod -->
        <test-method signature="test2()[pri:0, instance:testkhan.testhome@1700915]" started-at="2023-01-03T14:44:06 IST" name="test2" finished-at="2023-01-03T14:44:09 IST" duration-ms="2199" status="PASS">
          <reporter-output>
          </reporter-output>
        </test-method> <!-- test2 -->
        <test-method is-config="true" signature="aftermethod()[pri:0, instance:testkhan.testhome@1700915]" started-at="2023-01-03T14:44:09 IST" name="aftermethod" finished-at="2023-01-03T14:44:09 IST" duration-ms="504" status="PASS">
          <reporter-output>
          </reporter-output>
        </test-method> <!-- aftermethod -->
        <test-method is-config="true" signature="afterclass()[pri:0, instance:testkhan.testhome@1700915]" started-at="2023-01-03T14:44:09 IST" name="afterclass" finished-at="2023-01-03T14:44:09 IST" duration-ms="181" status="PASS">
          <reporter-output>
          </reporter-output>
        </test-method> <!-- afterclass -->
      </class> <!-- testkhan.testhome -->
    </test> <!-- Default test -->
  </suite> <!-- Default suite -->
</testng-results>
